#
# A fatal error has been detected by the Java Runtime Environment:
#
#  EXCEPTION_ACCESS_VIOLATION (0xc0000005) at pc=0x00007ffb5bba02ae, pid=17896, tid=19344
#
# JRE version: Java(TM) SE Runtime Environment (15.0+36) (build 15+36-1562)
# Java VM: Java HotSpot(TM) 64-Bit Server VM (15+36-1562, mixed mode, sharing, tiered, compressed oops, g1 gc, windows-amd64)
# Problematic frame:
# C  [awt.dll+0x902ae]
#
# No core dump will be written. Minidumps are not enabled by default on client versions of Windows
#
# If you would like to submit a bug report, please visit:
#   https://bugreport.java.com/bugreport/crash.jsp
# The crash happened outside the Java Virtual Machine in native code.
# See problematic frame for where to report the bug.
#

---------------  S U M M A R Y ------------

Command Line: -javaagent:C:\Program Files\JetBrains\IntelliJ IDEA Community Edition 2022.3.2\lib\idea_rt.jar=52984:C:\Program Files\JetBrains\IntelliJ IDEA Community Edition 2022.3.2\bin -Dfile.encoding=UTF-8 Main

Host: Intel(R) Core(TM) i7-1065G7 CPU @ 1.30GHz, 8 cores, 15G,  Windows 10 , 64 bit Build 19041 (10.0.19041.2788)
Time: Mon May  1 22:04:54 2023 ìåãû (ïWèÄéû) elapsed time: 0.544010 seconds (0d 0h 0m 0s)

---------------  T H R E A D  ---------------

Current thread (0x0000025ba017f520):  JavaThread "main" [_thread_in_native, id=19344, stack(0x000000a8f7500000,0x000000a8f7600000)]

Stack: [0x000000a8f7500000,0x000000a8f7600000],  sp=0x000000a8f75fee00,  free space=1019k
Native frames: (J=compiled Java code, j=interpreted, Vv=VM code, C=native code)
C  [awt.dll+0x902ae]

Java frames: (J=compiled Java code, j=interpreted, Vv=VM code)
j  sun.awt.windows.WComponentPeer._setFont(Ljava/awt/Font;)V+0 java.desktop@15
j  sun.awt.windows.WComponentPeer.setFont(Ljava/awt/Font;)V+7 java.desktop@15
j  sun.awt.windows.WWindowPeer.initialize()V+42 java.desktop@15
j  sun.awt.windows.WFramePeer.initialize()V+1 java.desktop@15
j  sun.awt.windows.WComponentPeer.<init>(Ljava/awt/Component;)V+83 java.desktop@15
j  sun.awt.windows.WCanvasPeer.<init>(Ljava/awt/Component;)V+2 java.desktop@15
j  sun.awt.windows.WPanelPeer.<init>(Ljava/awt/Component;)V+2 java.desktop@15
j  sun.awt.windows.WWindowPeer.<init>(Ljava/awt/Window;)V+2 java.desktop@15
j  sun.awt.windows.WFramePeer.<init>(Ljava/awt/Frame;)V+2 java.desktop@15
j  sun.awt.windows.WToolkit.createFrame(Ljava/awt/Frame;)Ljava/awt/peer/FramePeer;+5 java.desktop@15
j  java.awt.Frame.addNotify()V+20 java.desktop@15
j  java.awt.Window.show()V+8 java.desktop@15
j  java.awt.Component.show(Z)V+5 java.desktop@15
j  java.awt.Component.setVisible(Z)V+2 java.desktop@15
j  java.awt.Window.setVisible(Z)V+2 java.desktop@15
j  Main$.main([Ljava/lang/String;)V+27
j  Main.main([Ljava/lang/String;)V+4
v  ~StubRoutines::call_stub

siginfo: EXCEPTION_ACCESS_VIOLATION (0xc0000005), reading address 0x0000000000000058


Register to memory mapping:

RIP=0x00007ffb5bba02ae awt.dll
RAX=0x00007ffb5bc117f0 awt.dll
RBX=0x0000025ba017f848 points into unknown readable memory: 0x00007ffb4998be40 | 40 be 98 49 fb 7f 00 00
RCX=0x0000025bc43e7c40 points into unknown readable memory: 0x00007ffb5bc117f0 | f0 17 c1 5b fb 7f 00 00
RDX=0x0 is NULL
RSP=0x000000a8f75fee00 is pointing into the stack for thread: 0x0000025ba017f520
RBP=0x0 is NULL
RSI=0x0000025bc43ce8a8 is a global jni handle
RDI=0x0000025bc43ce8b0 is a global jni handle
R8 =0x0000000000000042 is an unknown value
R9 =0x0000000800b76078 is a pointer to class: 
java.awt.Font {0x0000000800b76080}
R10=0x0000000000008000 is an unknown value
R11=0x000000a8f75fee00 is pointing into the stack for thread: 0x0000025ba017f520
R12=0x0 is NULL
R13={method} {0x0000025bc37498d0} '_setFont' '(Ljava/awt/Font;)V' in 'sun/awt/windows/WComponentPeer'
R14=0x0000025bc43e7c40 points into unknown readable memory: 0x00007ffb5bc117f0 | f0 17 c1 5b fb 7f 00 00
R15=0x0000025bc43d6ec0 points into unknown readable memory: 0x0000025bc43ce8a8 | a8 e8 3c c4 5b 02 00 00


Registers:
RAX=0x00007ffb5bc117f0, RBX=0x0000025ba017f848, RCX=0x0000025bc43e7c40, RDX=0x0000000000000000
RSP=0x000000a8f75fee00, RBP=0x0000000000000000, RSI=0x0000025bc43ce8a8, RDI=0x0000025bc43ce8b0
R8 =0x0000000000000042, R9 =0x0000000800b76078, R10=0x0000000000008000, R11=0x000000a8f75fee00
R12=0x0000000000000000, R13=0x0000025bc37498c8, R14=0x0000025bc43e7c40, R15=0x0000025bc43d6ec0
RIP=0x00007ffb5bba02ae, EFLAGS=0x0000000000010206

Top of Stack: (sp=0x000000a8f75fee00)
0x000000a8f75fee00:   0000025bc43d6ec0 0000025bc43e7c40
0x000000a8f75fee10:   0000025bc43e7c40 0000025bc43ce8b0
0x000000a8f75fee20:   0000025bc43ce8b0 00007ffb5bba5175
0x000000a8f75fee30:   0000025ba017f848 0000025ba017f848
0x000000a8f75fee40:   0000000000000000 0000025bc43ce8a8
0x000000a8f75fee50:   0000025ba017f520 000000a8f75fef80
0x000000a8f75fee60:   0000025bc43d6ec0 00007ffb5bbdd191
0x000000a8f75fee70:   00007ffb5bc48ff8 000000a8f75fef58
0x000000a8f75fee80:   00007ffb5bba5048 0000025ba017f520
0x000000a8f75fee90:   0000025bc43ce8a8 00007ffb5bba630e
0x000000a8f75feea0:   0000025bc43ce8b0 000000a8f75fef78
0x000000a8f75feeb0:   000000a8f75fef78 00007ffb5bc48ff8
0x000000a8f75feec0:   0000025ba83ca1aa 0000025ba83cfd2c
0x000000a8f75feed0:   0000025bc37498c8 0000000000000000
0x000000a8f75feee0:   0000025bc37498c8 0000000000000000
0x000000a8f75feef0:   3ff0000000000000 0000025ba017f520 

Instructions: (pc=0x00007ffb5bba02ae)
0x00007ffb5bba01ae:   00 48 8b d9 e8 9d dc ff ff 48 8b f8 48 85 c0 75
0x00007ffb5bba01be:   04 48 8b 7b 48 48 8b cf e8 3f 04 05 00 48 8b d8
0x00007ffb5bba01ce:   48 85 c0 74 60 83 64 24 20 00 0f 57 c0 83 64 24
0x00007ffb5bba01de:   34 00 b9 11 00 00 00 83 64 24 38 00 f3 0f 7f 44
0x00007ffb5bba01ee:   24 24 ff 15 12 51 0a 00 4c 8d 44 24 40 ba 5c 00
0x00007ffb5bba01fe:   00 00 48 8b c8 ff 15 b7 53 0a 00 83 f8 5c 75 0d
0x00007ffb5bba020e:   48 8d 54 24 40 48 8b cb e8 9e 04 05 00 48 8d 54
0x00007ffb5bba021e:   24 20 48 8b cb e8 b5 04 05 00 48 8b d3 48 8b cf
0x00007ffb5bba022e:   e8 62 04 05 00 48 8b 8c 24 a0 00 00 00 48 33 cc
0x00007ffb5bba023e:   e8 ad 11 05 00 48 8b 9c 24 c8 00 00 00 48 81 c4
0x00007ffb5bba024e:   b0 00 00 00 5f c3 40 53 48 83 ec 20 48 8b d9 ff
0x00007ffb5bba025e:   15 f5 58 0a 00 48 85 c0 75 0a 48 8b 4b 48 ff 15
0x00007ffb5bba026e:   de 58 0a 00 48 83 c4 20 5b c3 4c 63 c2 48 8b 15
0x00007ffb5bba027e:   c6 3c 0a 00 48 ff 25 6f 57 0a 00 cc cc cc 48 8b
0x00007ffb5bba028e:   d1 48 8b 0d 9a 6c 0a 00 48 89 15 93 6c 0a 00 e9
0x00007ffb5bba029e:   8a 51 04 00 cc cc 48 89 5c 24 08 57 48 83 ec 20
0x00007ffb5bba02ae:   83 7a 58 00 48 8b da 48 8b f9 7d 08 48 8b ca e8
0x00007ffb5bba02be:   f2 8b 01 00 4c 8b 43 48 45 33 c9 48 8b 4f 48 4d
0x00007ffb5bba02ce:   8b 00 41 8d 51 30 ff 15 e6 59 0a 00 48 8b 4f 48
0x00007ffb5bba02de:   33 d2 44 8d 42 01 48 8b 5c 24 30 48 83 c4 20 5f
0x00007ffb5bba02ee:   48 ff 25 83 58 0a 00 cc cc cc 48 8b c4 48 89 58
0x00007ffb5bba02fe:   08 48 89 68 10 48 89 70 18 48 89 78 20 41 56 48
0x00007ffb5bba030e:   83 ec 20 4c 8b f2 48 8b f9 48 8b 0d da 8a 0a 00
0x00007ffb5bba031e:   ba 02 00 01 00 41 8b e8 e8 c8 0f 05 00 48 8b 97
0x00007ffb5bba032e:   c0 00 00 00 33 db 48 8b f0 48 85 d2 74 0d 4c 8b
0x00007ffb5bba033e:   08 48 8b c8 41 ff 91 b0 00 00 00 4d 85 f6 74 14
0x00007ffb5bba034e:   48 8b 06 49 8b d6 48 8b ce ff 90 a8 00 00 00 48
0x00007ffb5bba035e:   8b d8 eb 05 bd 01 00 00 00 48 89 9f c0 00 00 00
0x00007ffb5bba036e:   89 af c8 00 00 00 48 8b 5c 24 30 48 8b 6c 24 38
0x00007ffb5bba037e:   48 8b 74 24 40 48 8b 7c 24 48 48 83 c4 20 41 5e
0x00007ffb5bba038e:   c3 cc 48 89 5c 24 08 48 89 6c 24 10 48 89 74 24
0x00007ffb5bba039e:   18 57 48 83 ec 20 33 db 48 8b f9 48 85 c9 75 09 


Stack slot to memory mapping:
stack at sp + 0 slots: 0x0000025bc43d6ec0 points into unknown readable memory: 0x0000025bc43ce8a8 | a8 e8 3c c4 5b 02 00 00
stack at sp + 1 slots: 0x0000025bc43e7c40 points into unknown readable memory: 0x00007ffb5bc117f0 | f0 17 c1 5b fb 7f 00 00
stack at sp + 2 slots: 0x0000025bc43e7c40 points into unknown readable memory: 0x00007ffb5bc117f0 | f0 17 c1 5b fb 7f 00 00
stack at sp + 3 slots: 0x0000025bc43ce8b0 is a global jni handle
stack at sp + 4 slots: 0x0000025bc43ce8b0 is a global jni handle
stack at sp + 5 slots: 0x00007ffb5bba5175 awt.dll
stack at sp + 6 slots: 0x0000025ba017f848 points into unknown readable memory: 0x00007ffb4998be40 | 40 be 98 49 fb 7f 00 00
stack at sp + 7 slots: 0x0000025ba017f848 points into unknown readable memory: 0x00007ffb4998be40 | 40 be 98 49 fb 7f 00 00


---------------  P R O C E S S  ---------------

Threads class SMR info:
_java_thread_list=0x0000025bc438d560, length=16, elements={
0x0000025ba017f520, 0x0000025bc3dcc2b0, 0x0000025bc3dcf440, 0x0000025bc3ded4c0,
0x0000025bc3dedf70, 0x0000025bc3df01d0, 0x0000025bc3df2810, 0x0000025bc3df8cc0,
0x0000025bc3df9f90, 0x0000025bc3f2b560, 0x0000025bc3ff8cd0, 0x0000025bc40011c0,
0x0000025bc419ebd0, 0x0000025bc4364020, 0x0000025bc41b99d0, 0x0000025bc43edcc0
}

Java Threads: ( => current thread )
=>0x0000025ba017f520 JavaThread "main" [_thread_in_native, id=19344, stack(0x000000a8f7500000,0x000000a8f7600000)]
  0x0000025bc3dcc2b0 JavaThread "Reference Handler" daemon [_thread_blocked, id=4284, stack(0x000000a8f7c00000,0x000000a8f7d00000)]
  0x0000025bc3dcf440 JavaThread "Finalizer" daemon [_thread_blocked, id=6388, stack(0x000000a8f7d00000,0x000000a8f7e00000)]
  0x0000025bc3ded4c0 JavaThread "Signal Dispatcher" daemon [_thread_blocked, id=9460, stack(0x000000a8f7e00000,0x000000a8f7f00000)]
  0x0000025bc3dedf70 JavaThread "Attach Listener" daemon [_thread_blocked, id=21940, stack(0x000000a8f7f00000,0x000000a8f8000000)]
  0x0000025bc3df01d0 JavaThread "Service Thread" daemon [_thread_blocked, id=18940, stack(0x000000a8f8000000,0x000000a8f8100000)]
  0x0000025bc3df2810 JavaThread "C2 CompilerThread0" daemon [_thread_blocked, id=18568, stack(0x000000a8f8100000,0x000000a8f8200000)]
  0x0000025bc3df8cc0 JavaThread "C1 CompilerThread0" daemon [_thread_blocked, id=17272, stack(0x000000a8f8200000,0x000000a8f8300000)]
  0x0000025bc3df9f90 JavaThread "Sweeper thread" daemon [_thread_blocked, id=11792, stack(0x000000a8f8300000,0x000000a8f8400000)]
  0x0000025bc3f2b560 JavaThread "Common-Cleaner" daemon [_thread_blocked, id=16204, stack(0x000000a8f8400000,0x000000a8f8500000)]
  0x0000025bc3ff8cd0 JavaThread "Monitor Ctrl-Break" daemon [_thread_in_native, id=13100, stack(0x000000a8f8500000,0x000000a8f8600000)]
  0x0000025bc40011c0 JavaThread "Notification Thread" daemon [_thread_blocked, id=7756, stack(0x000000a8f8600000,0x000000a8f8700000)]
  0x0000025bc419ebd0 JavaThread "Java2D Disposer" daemon [_thread_blocked, id=14232, stack(0x000000a8f8800000,0x000000a8f8900000)]
  0x0000025bc4364020 JavaThread "AWT-Shutdown" [_thread_blocked, id=3824, stack(0x000000a8f8900000,0x000000a8f8a00000)]
  0x0000025bc41b99d0 JavaThread "AWT-Windows" daemon [_thread_in_native, id=14636, stack(0x000000a8f8a00000,0x000000a8f8b00000)]
  0x0000025bc43edcc0 JavaThread "AWT-EventQueue-0" [_thread_blocked, id=6892, stack(0x000000a8f8b00000,0x000000a8f8c00000)]

Other Threads:
  0x0000025bc35be510 VMThread "VM Thread" [stack: 0x000000a8f7b00000,0x000000a8f7c00000] [id=13512]
  0x0000025bc40026a0 WatcherThread [stack: 0x000000a8f8700000,0x000000a8f8800000] [id=18156]
  0x0000025ba01cff70 GCTaskThread "GC Thread#0" [stack: 0x000000a8f7600000,0x000000a8f7700000] [id=16044]
  0x0000025ba01e0bd0 ConcurrentGCThread "G1 Main Marker" [stack: 0x000000a8f7700000,0x000000a8f7800000] [id=8268]
  0x0000025ba01e1fe0 ConcurrentGCThread "G1 Conc#0" [stack: 0x000000a8f7800000,0x000000a8f7900000] [id=2788]
  0x0000025bc34424d0 ConcurrentGCThread "G1 Refine#0" [stack: 0x000000a8f7900000,0x000000a8f7a00000] [id=13032]
  0x0000025bc3443150 ConcurrentGCThread "G1 Young RemSet Sampling" [stack: 0x000000a8f7a00000,0x000000a8f7b00000] [id=21968]

Threads with active compile tasks:

VM state: not at safepoint (normal execution)

VM Mutex/Monitor currently owned by a thread: None

Heap address: 0x0000000706600000, size: 3994 MB, Compressed Oops mode: Zero based, Oop shift amount: 3
CDS archive(s) mapped at: [0x0000000800000000-0x0000000800b50000-0x0000000800b50000), size 11862016, SharedBaseAddress: 0x0000000800000000, ArchiveRelocationMode: 0.
Compressed class space mapped at: 0x0000000800b50000-0x0000000840b50000, size: 1073741824
Narrow klass base: 0x0000000800000000, Narrow klass shift: 3, Narrow klass range: 0x100000000

GC Precious Log:
 CPUs: 8 total, 8 available
 Memory: 15970M
 Large Page Support: Disabled
 NUMA Support: Disabled
 Compressed Oops: Enabled (Zero based)
 Heap Region Size: 2M
 Heap Min Capacity: 8M
 Heap Initial Capacity: 250M
 Heap Max Capacity: 3994M
 Pre-touch: Disabled
 Parallel Workers: 8
 Concurrent Workers: 2
 Concurrent Refinement Workers: 8
 Periodic GC: Disabled

Heap:
 garbage-first heap   total 256000K, used 6144K [0x0000000706600000, 0x0000000800000000)
  region size 2048K, 4 young (8192K), 0 survivors (0K)
 Metaspace       used 5775K, capacity 5926K, committed 6144K, reserved 1056768K
  class space    used 617K, capacity 672K, committed 768K, reserved 1048576K

Heap Regions: E=young(eden), S=young(survivor), O=old, HS=humongous(starts), HC=humongous(continues), CS=collection set, F=free, OA=open archive, CA=closed archive, TAMS=top-at-mark-start (previous, next)
|   0|0x0000000706600000, 0x0000000706600000, 0x0000000706800000|  0%| F|  |TAMS 0x0000000706600000, 0x0000000706600000| Untracked 
|   1|0x0000000706800000, 0x0000000706800000, 0x0000000706a00000|  0%| F|  |TAMS 0x0000000706800000, 0x0000000706800000| Untracked 
|   2|0x0000000706a00000, 0x0000000706a00000, 0x0000000706c00000|  0%| F|  |TAMS 0x0000000706a00000, 0x0000000706a00000| Untracked 
|   3|0x0000000706c00000, 0x0000000706c00000, 0x0000000706e00000|  0%| F|  |TAMS 0x0000000706c00000, 0x0000000706c00000| Untracked 
|   4|0x0000000706e00000, 0x0000000706e00000, 0x0000000707000000|  0%| F|  |TAMS 0x0000000706e00000, 0x0000000706e00000| Untracked 
|   5|0x0000000707000000, 0x0000000707000000, 0x0000000707200000|  0%| F|  |TAMS 0x0000000707000000, 0x0000000707000000| Untracked 
|   6|0x0000000707200000, 0x0000000707200000, 0x0000000707400000|  0%| F|  |TAMS 0x0000000707200000, 0x0000000707200000| Untracked 
|   7|0x0000000707400000, 0x0000000707400000, 0x0000000707600000|  0%| F|  |TAMS 0x0000000707400000, 0x0000000707400000| Untracked 
|   8|0x0000000707600000, 0x0000000707600000, 0x0000000707800000|  0%| F|  |TAMS 0x0000000707600000, 0x0000000707600000| Untracked 
|   9|0x0000000707800000, 0x0000000707800000, 0x0000000707a00000|  0%| F|  |TAMS 0x0000000707800000, 0x0000000707800000| Untracked 
|  10|0x0000000707a00000, 0x0000000707a00000, 0x0000000707c00000|  0%| F|  |TAMS 0x0000000707a00000, 0x0000000707a00000| Untracked 
|  11|0x0000000707c00000, 0x0000000707c00000, 0x0000000707e00000|  0%| F|  |TAMS 0x0000000707c00000, 0x0000000707c00000| Untracked 
|  12|0x0000000707e00000, 0x0000000707e00000, 0x0000000708000000|  0%| F|  |TAMS 0x0000000707e00000, 0x0000000707e00000| Untracked 
|  13|0x0000000708000000, 0x0000000708000000, 0x0000000708200000|  0%| F|  |TAMS 0x0000000708000000, 0x0000000708000000| Untracked 
|  14|0x0000000708200000, 0x0000000708200000, 0x0000000708400000|  0%| F|  |TAMS 0x0000000708200000, 0x0000000708200000| Untracked 
|  15|0x0000000708400000, 0x0000000708400000, 0x0000000708600000|  0%| F|  |TAMS 0x0000000708400000, 0x0000000708400000| Untracked 
|  16|0x0000000708600000, 0x0000000708600000, 0x0000000708800000|  0%| F|  |TAMS 0x0000000708600000, 0x0000000708600000| Untracked 
|  17|0x0000000708800000, 0x0000000708800000, 0x0000000708a00000|  0%| F|  |TAMS 0x0000000708800000, 0x0000000708800000| Untracked 
|  18|0x0000000708a00000, 0x0000000708a00000, 0x0000000708c00000|  0%| F|  |TAMS 0x0000000708a00000, 0x0000000708a00000| Untracked 
|  19|0x0000000708c00000, 0x0000000708c00000, 0x0000000708e00000|  0%| F|  |TAMS 0x0000000708c00000, 0x0000000708c00000| Untracked 
|  20|0x0000000708e00000, 0x0000000708e00000, 0x0000000709000000|  0%| F|  |TAMS 0x0000000708e00000, 0x0000000708e00000| Untracked 
|  21|0x0000000709000000, 0x0000000709000000, 0x0000000709200000|  0%| F|  |TAMS 0x0000000709000000, 0x0000000709000000| Untracked 
|  22|0x0000000709200000, 0x0000000709200000, 0x0000000709400000|  0%| F|  |TAMS 0x0000000709200000, 0x0000000709200000| Untracked 
|  23|0x0000000709400000, 0x0000000709400000, 0x0000000709600000|  0%| F|  |TAMS 0x0000000709400000, 0x0000000709400000| Untracked 
|  24|0x0000000709600000, 0x0000000709600000, 0x0000000709800000|  0%| F|  |TAMS 0x0000000709600000, 0x0000000709600000| Untracked 
|  25|0x0000000709800000, 0x0000000709800000, 0x0000000709a00000|  0%| F|  |TAMS 0x0000000709800000, 0x0000000709800000| Untracked 
|  26|0x0000000709a00000, 0x0000000709a00000, 0x0000000709c00000|  0%| F|  |TAMS 0x0000000709a00000, 0x0000000709a00000| Untracked 
|  27|0x0000000709c00000, 0x0000000709c00000, 0x0000000709e00000|  0%| F|  |TAMS 0x0000000709c00000, 0x0000000709c00000| Untracked 
|  28|0x0000000709e00000, 0x0000000709e00000, 0x000000070a000000|  0%| F|  |TAMS 0x0000000709e00000, 0x0000000709e00000| Untracked 
|  29|0x000000070a000000, 0x000000070a000000, 0x000000070a200000|  0%| F|  |TAMS 0x000000070a000000, 0x000000070a000000| Untracked 
|  30|0x000000070a200000, 0x000000070a200000, 0x000000070a400000|  0%| F|  |TAMS 0x000000070a200000, 0x000000070a200000| Untracked 
|  31|0x000000070a400000, 0x000000070a400000, 0x000000070a600000|  0%| F|  |TAMS 0x000000070a400000, 0x000000070a400000| Untracked 
|  32|0x000000070a600000, 0x000000070a600000, 0x000000070a800000|  0%| F|  |TAMS 0x000000070a600000, 0x000000070a600000| Untracked 
|  33|0x000000070a800000, 0x000000070a800000, 0x000000070aa00000|  0%| F|  |TAMS 0x000000070a800000, 0x000000070a800000| Untracked 
|  34|0x000000070aa00000, 0x000000070aa00000, 0x000000070ac00000|  0%| F|  |TAMS 0x000000070aa00000, 0x000000070aa00000| Untracked 
|  35|0x000000070ac00000, 0x000000070ac00000, 0x000000070ae00000|  0%| F|  |TAMS 0x000000070ac00000, 0x000000070ac00000| Untracked 
|  36|0x000000070ae00000, 0x000000070ae00000, 0x000000070b000000|  0%| F|  |TAMS 0x000000070ae00000, 0x000000070ae00000| Untracked 
|  37|0x000000070b000000, 0x000000070b000000, 0x000000070b200000|  0%| F|  |TAMS 0x000000070b000000, 0x000000070b000000| Untracked 
|  38|0x000000070b200000, 0x000000070b200000, 0x000000070b400000|  0%| F|  |TAMS 0x000000070b200000, 0x000000070b200000| Untracked 
|  39|0x000000070b400000, 0x000000070b400000, 0x000000070b600000|  0%| F|  |TAMS 0x000000070b400000, 0x000000070b400000| Untracked 
|  40|0x000000070b600000, 0x000000070b600000, 0x000000070b800000|  0%| F|  |TAMS 0x000000070b600000, 0x000000070b600000| Untracked 
|  41|0x000000070b800000, 0x000000070b800000, 0x000000070ba00000|  0%| F|  |TAMS 0x000000070b800000, 0x000000070b800000| Untracked 
|  42|0x000000070ba00000, 0x000000070ba00000, 0x000000070bc00000|  0%| F|  |TAMS 0x000000070ba00000, 0x000000070ba00000| Untracked 
|  43|0x000000070bc00000, 0x000000070bc00000, 0x000000070be00000|  0%| F|  |TAMS 0x000000070bc00000, 0x000000070bc00000| Untracked 
|  44|0x000000070be00000, 0x000000070be00000, 0x000000070c000000|  0%| F|  |TAMS 0x000000070be00000, 0x000000070be00000| Untracked 
|  45|0x000000070c000000, 0x000000070c000000, 0x000000070c200000|  0%| F|  |TAMS 0x000000070c000000, 0x000000070c000000| Untracked 
|  46|0x000000070c200000, 0x000000070c200000, 0x000000070c400000|  0%| F|  |TAMS 0x000000070c200000, 0x000000070c200000| Untracked 
|  47|0x000000070c400000, 0x000000070c400000, 0x000000070c600000|  0%| F|  |TAMS 0x000000070c400000, 0x000000070c400000| Untracked 
|  48|0x000000070c600000, 0x000000070c600000, 0x000000070c800000|  0%| F|  |TAMS 0x000000070c600000, 0x000000070c600000| Untracked 
|  49|0x000000070c800000, 0x000000070c800000, 0x000000070ca00000|  0%| F|  |TAMS 0x000000070c800000, 0x000000070c800000| Untracked 
|  50|0x000000070ca00000, 0x000000070ca00000, 0x000000070cc00000|  0%| F|  |TAMS 0x000000070ca00000, 0x000000070ca00000| Untracked 
|  51|0x000000070cc00000, 0x000000070cc00000, 0x000000070ce00000|  0%| F|  |TAMS 0x000000070cc00000, 0x000000070cc00000| Untracked 
|  52|0x000000070ce00000, 0x000000070ce00000, 0x000000070d000000|  0%| F|  |TAMS 0x000000070ce00000, 0x000000070ce00000| Untracked 
|  53|0x000000070d000000, 0x000000070d000000, 0x000000070d200000|  0%| F|  |TAMS 0x000000070d000000, 0x000000070d000000| Untracked 
|  54|0x000000070d200000, 0x000000070d200000, 0x000000070d400000|  0%| F|  |TAMS 0x000000070d200000, 0x000000070d200000| Untracked 
|  55|0x000000070d400000, 0x000000070d400000, 0x000000070d600000|  0%| F|  |TAMS 0x000000070d400000, 0x000000070d400000| Untracked 
|  56|0x000000070d600000, 0x000000070d600000, 0x000000070d800000|  0%| F|  |TAMS 0x000000070d600000, 0x000000070d600000| Untracked 
|  57|0x000000070d800000, 0x000000070d800000, 0x000000070da00000|  0%| F|  |TAMS 0x000000070d800000, 0x000000070d800000| Untracked 
|  58|0x000000070da00000, 0x000000070da00000, 0x000000070dc00000|  0%| F|  |TAMS 0x000000070da00000, 0x000000070da00000| Untracked 
|  59|0x000000070dc00000, 0x000000070dc00000, 0x000000070de00000|  0%| F|  |TAMS 0x000000070dc00000, 0x000000070dc00000| Untracked 
|  60|0x000000070de00000, 0x000000070de00000, 0x000000070e000000|  0%| F|  |TAMS 0x000000070de00000, 0x000000070de00000| Untracked 
|  61|0x000000070e000000, 0x000000070e000000, 0x000000070e200000|  0%| F|  |TAMS 0x000000070e000000, 0x000000070e000000| Untracked 
|  62|0x000000070e200000, 0x000000070e200000, 0x000000070e400000|  0%| F|  |TAMS 0x000000070e200000, 0x000000070e200000| Untracked 
|  63|0x000000070e400000, 0x000000070e400000, 0x000000070e600000|  0%| F|  |TAMS 0x000000070e400000, 0x000000070e400000| Untracked 
|  64|0x000000070e600000, 0x000000070e600000, 0x000000070e800000|  0%| F|  |TAMS 0x000000070e600000, 0x000000070e600000| Untracked 
|  65|0x000000070e800000, 0x000000070e800000, 0x000000070ea00000|  0%| F|  |TAMS 0x000000070e800000, 0x000000070e800000| Untracked 
|  66|0x000000070ea00000, 0x000000070ea00000, 0x000000070ec00000|  0%| F|  |TAMS 0x000000070ea00000, 0x000000070ea00000| Untracked 
|  67|0x000000070ec00000, 0x000000070ec00000, 0x000000070ee00000|  0%| F|  |TAMS 0x000000070ec00000, 0x000000070ec00000| Untracked 
|  68|0x000000070ee00000, 0x000000070ee00000, 0x000000070f000000|  0%| F|  |TAMS 0x000000070ee00000, 0x000000070ee00000| Untracked 
|  69|0x000000070f000000, 0x000000070f000000, 0x000000070f200000|  0%| F|  |TAMS 0x000000070f000000, 0x000000070f000000| Untracked 
|  70|0x000000070f200000, 0x000000070f200000, 0x000000070f400000|  0%| F|  |TAMS 0x000000070f200000, 0x000000070f200000| Untracked 
|  71|0x000000070f400000, 0x000000070f400000, 0x000000070f600000|  0%| F|  |TAMS 0x000000070f400000, 0x000000070f400000| Untracked 
|  72|0x000000070f600000, 0x000000070f600000, 0x000000070f800000|  0%| F|  |TAMS 0x000000070f600000, 0x000000070f600000| Untracked 
|  73|0x000000070f800000, 0x000000070f800000, 0x000000070fa00000|  0%| F|  |TAMS 0x000000070f800000, 0x000000070f800000| Untracked 
|  74|0x000000070fa00000, 0x000000070fa00000, 0x000000070fc00000|  0%| F|  |TAMS 0x000000070fa00000, 0x000000070fa00000| Untracked 
|  75|0x000000070fc00000, 0x000000070fc00000, 0x000000070fe00000|  0%| F|  |TAMS 0x000000070fc00000, 0x000000070fc00000| Untracked 
|  76|0x000000070fe00000, 0x000000070fe00000, 0x0000000710000000|  0%| F|  |TAMS 0x000000070fe00000, 0x000000070fe00000| Untracked 
|  77|0x0000000710000000, 0x0000000710000000, 0x0000000710200000|  0%| F|  |TAMS 0x0000000710000000, 0x0000000710000000| Untracked 
|  78|0x0000000710200000, 0x0000000710200000, 0x0000000710400000|  0%| F|  |TAMS 0x0000000710200000, 0x0000000710200000| Untracked 
|  79|0x0000000710400000, 0x0000000710400000, 0x0000000710600000|  0%| F|  |TAMS 0x0000000710400000, 0x0000000710400000| Untracked 
|  80|0x0000000710600000, 0x0000000710600000, 0x0000000710800000|  0%| F|  |TAMS 0x0000000710600000, 0x0000000710600000| Untracked 
|  81|0x0000000710800000, 0x0000000710800000, 0x0000000710a00000|  0%| F|  |TAMS 0x0000000710800000, 0x0000000710800000| Untracked 
|  82|0x0000000710a00000, 0x0000000710a00000, 0x0000000710c00000|  0%| F|  |TAMS 0x0000000710a00000, 0x0000000710a00000| Untracked 
|  83|0x0000000710c00000, 0x0000000710c00000, 0x0000000710e00000|  0%| F|  |TAMS 0x0000000710c00000, 0x0000000710c00000| Untracked 
|  84|0x0000000710e00000, 0x0000000710e00000, 0x0000000711000000|  0%| F|  |TAMS 0x0000000710e00000, 0x0000000710e00000| Untracked 
|  85|0x0000000711000000, 0x0000000711000000, 0x0000000711200000|  0%| F|  |TAMS 0x0000000711000000, 0x0000000711000000| Untracked 
|  86|0x0000000711200000, 0x0000000711200000, 0x0000000711400000|  0%| F|  |TAMS 0x0000000711200000, 0x0000000711200000| Untracked 
|  87|0x0000000711400000, 0x0000000711400000, 0x0000000711600000|  0%| F|  |TAMS 0x0000000711400000, 0x0000000711400000| Untracked 
|  88|0x0000000711600000, 0x0000000711600000, 0x0000000711800000|  0%| F|  |TAMS 0x0000000711600000, 0x0000000711600000| Untracked 
|  89|0x0000000711800000, 0x0000000711800000, 0x0000000711a00000|  0%| F|  |TAMS 0x0000000711800000, 0x0000000711800000| Untracked 
|  90|0x0000000711a00000, 0x0000000711a00000, 0x0000000711c00000|  0%| F|  |TAMS 0x0000000711a00000, 0x0000000711a00000| Untracked 
|  91|0x0000000711c00000, 0x0000000711c00000, 0x0000000711e00000|  0%| F|  |TAMS 0x0000000711c00000, 0x0000000711c00000| Untracked 
|  92|0x0000000711e00000, 0x0000000711e00000, 0x0000000712000000|  0%| F|  |TAMS 0x0000000711e00000, 0x0000000711e00000| Untracked 
|  93|0x0000000712000000, 0x0000000712000000, 0x0000000712200000|  0%| F|  |TAMS 0x0000000712000000, 0x0000000712000000| Untracked 
|  94|0x0000000712200000, 0x0000000712200000, 0x0000000712400000|  0%| F|  |TAMS 0x0000000712200000, 0x0000000712200000| Untracked 
|  95|0x0000000712400000, 0x0000000712400000, 0x0000000712600000|  0%| F|  |TAMS 0x0000000712400000, 0x0000000712400000| Untracked 
|  96|0x0000000712600000, 0x0000000712600000, 0x0000000712800000|  0%| F|  |TAMS 0x0000000712600000, 0x0000000712600000| Untracked 
|  97|0x0000000712800000, 0x0000000712800000, 0x0000000712a00000|  0%| F|  |TAMS 0x0000000712800000, 0x0000000712800000| Untracked 
|  98|0x0000000712a00000, 0x0000000712a00000, 0x0000000712c00000|  0%| F|  |TAMS 0x0000000712a00000, 0x0000000712a00000| Untracked 
|  99|0x0000000712c00000, 0x0000000712c00000, 0x0000000712e00000|  0%| F|  |TAMS 0x0000000712c00000, 0x0000000712c00000| Untracked 
| 100|0x0000000712e00000, 0x0000000712e00000, 0x0000000713000000|  0%| F|  |TAMS 0x0000000712e00000, 0x0000000712e00000| Untracked 
| 101|0x0000000713000000, 0x0000000713000000, 0x0000000713200000|  0%| F|  |TAMS 0x0000000713000000, 0x0000000713000000| Untracked 
| 102|0x0000000713200000, 0x0000000713200000, 0x0000000713400000|  0%| F|  |TAMS 0x0000000713200000, 0x0000000713200000| Untracked 
| 103|0x0000000713400000, 0x0000000713400000, 0x0000000713600000|  0%| F|  |TAMS 0x0000000713400000, 0x0000000713400000| Untracked 
| 104|0x0000000713600000, 0x0000000713600000, 0x0000000713800000|  0%| F|  |TAMS 0x0000000713600000, 0x0000000713600000| Untracked 
| 105|0x0000000713800000, 0x0000000713800000, 0x0000000713a00000|  0%| F|  |TAMS 0x0000000713800000, 0x0000000713800000| Untracked 
| 106|0x0000000713a00000, 0x0000000713a00000, 0x0000000713c00000|  0%| F|  |TAMS 0x0000000713a00000, 0x0000000713a00000| Untracked 
| 107|0x0000000713c00000, 0x0000000713c00000, 0x0000000713e00000|  0%| F|  |TAMS 0x0000000713c00000, 0x0000000713c00000| Untracked 
| 108|0x0000000713e00000, 0x0000000713e00000, 0x0000000714000000|  0%| F|  |TAMS 0x0000000713e00000, 0x0000000713e00000| Untracked 
| 109|0x0000000714000000, 0x0000000714000000, 0x0000000714200000|  0%| F|  |TAMS 0x0000000714000000, 0x0000000714000000| Untracked 
| 110|0x0000000714200000, 0x0000000714200000, 0x0000000714400000|  0%| F|  |TAMS 0x0000000714200000, 0x0000000714200000| Untracked 
| 111|0x0000000714400000, 0x0000000714400000, 0x0000000714600000|  0%| F|  |TAMS 0x0000000714400000, 0x0000000714400000| Untracked 
| 112|0x0000000714600000, 0x0000000714600000, 0x0000000714800000|  0%| F|  |TAMS 0x0000000714600000, 0x0000000714600000| Untracked 
| 113|0x0000000714800000, 0x0000000714800000, 0x0000000714a00000|  0%| F|  |TAMS 0x0000000714800000, 0x0000000714800000| Untracked 
| 114|0x0000000714a00000, 0x0000000714a00000, 0x0000000714c00000|  0%| F|  |TAMS 0x0000000714a00000, 0x0000000714a00000| Untracked 
| 115|0x0000000714c00000, 0x0000000714c00000, 0x0000000714e00000|  0%| F|  |TAMS 0x0000000714c00000, 0x0000000714c00000| Untracked 
| 116|0x0000000714e00000, 0x0000000714e00000, 0x0000000715000000|  0%| F|  |TAMS 0x0000000714e00000, 0x0000000714e00000| Untracked 
| 117|0x0000000715000000, 0x0000000715000000, 0x0000000715200000|  0%| F|  |TAMS 0x0000000715000000, 0x0000000715000000| Untracked 
| 118|0x0000000715200000, 0x0000000715200000, 0x0000000715400000|  0%| F|  |TAMS 0x0000000715200000, 0x0000000715200000| Untracked 
| 119|0x0000000715400000, 0x0000000715400000, 0x0000000715600000|  0%| F|  |TAMS 0x0000000715400000, 0x0000000715400000| Untracked 
| 120|0x0000000715600000, 0x0000000715600000, 0x0000000715800000|  0%| F|  |TAMS 0x0000000715600000, 0x0000000715600000| Untracked 
| 121|0x0000000715800000, 0x00000007158e1c98, 0x0000000715a00000| 44%| E|  |TAMS 0x0000000715800000, 0x0000000715800000| Complete 
| 122|0x0000000715a00000, 0x0000000715c00000, 0x0000000715c00000|100%| E|CS|TAMS 0x0000000715a00000, 0x0000000715a00000| Complete 
| 123|0x0000000715c00000, 0x0000000715e00000, 0x0000000715e00000|100%| E|CS|TAMS 0x0000000715c00000, 0x0000000715c00000| Complete 
| 124|0x0000000715e00000, 0x0000000716000000, 0x0000000716000000|100%| E|CS|TAMS 0x0000000715e00000, 0x0000000715e00000| Complete 

Card table byte_map: [0x0000025bb7ec0000,0x0000025bb8690000] _byte_map_base: 0x0000025bb468d000

Marking Bits (Prev, Next): (CMBitMap*) 0x0000025ba01d07e0, (CMBitMap*) 0x0000025ba01d0820
 Prev Bits: [0x0000025bb8e60000, 0x0000025bbccc8000)
 Next Bits: [0x0000025bbccd0000, 0x0000025bc0b38000)

Polling page: 0x0000025b9e330000

Metaspace:

Usage:
  Non-class:      5.13 MB capacity,     5.04 MB ( 98%) used,    87.10 KB (  2%) free+waste,     8.50 KB ( <1%) overhead. 
      Class:    672.00 KB capacity,   617.23 KB ( 92%) used,    50.64 KB (  8%) free+waste,     4.12 KB ( <1%) overhead. 
       Both:      5.79 MB capacity,     5.64 MB ( 97%) used,   137.74 KB (  2%) free+waste,    12.62 KB ( <1%) overhead. 

Virtual space:
  Non-class space:        8.00 MB reserved,       5.25 MB ( 66%) committed 
      Class space:        1.00 GB reserved,     768.00 KB ( <1%) committed 
             Both:        1.01 GB reserved,       6.00 MB ( <1%) committed 

Chunk freelists:
   Non-Class:  58.00 KB
       Class:  0 bytes
        Both:  58.00 KB

MaxMetaspaceSize: 17179869184.00 GB
CompressedClassSpaceSize: 1.00 GB

CodeHeap 'non-profiled nmethods': size=120000Kb used=191Kb max_used=191Kb free=119808Kb
 bounds [0x0000025bafe90000, 0x0000025bb0100000, 0x0000025bb73c0000]
CodeHeap 'profiled nmethods': size=120000Kb used=888Kb max_used=888Kb free=119111Kb
 bounds [0x0000025ba8960000, 0x0000025ba8bd0000, 0x0000025bafe90000]
CodeHeap 'non-nmethods': size=5760Kb used=1246Kb max_used=1263Kb free=4513Kb
 bounds [0x0000025ba83c0000, 0x0000025ba8630000, 0x0000025ba8960000]
 total_blobs=1144 nmethods=630 adapters=427
 compilation: enabled
              stopped_count=0, restarted_count=0
 full_count=0

Compilation events (20 events):
Event: 0.529 Thread 0x0000025bc3df8cc0 nmethod 618 0x0000025ba8a37a90 code [0x0000025ba8a37c20, 0x0000025ba8a37d98]
Event: 0.529 Thread 0x0000025bc3df8cc0  619       3       java.lang.invoke.LambdaForm::useCount (90 bytes)
Event: 0.530 Thread 0x0000025bc3df8cc0 nmethod 619 0x0000025ba8a37e10 code [0x0000025ba8a37fe0, 0x0000025ba8a38398]
Event: 0.530 Thread 0x0000025bc3df8cc0  620       3       java.lang.invoke.LambdaForm::lastUseIndex (76 bytes)
Event: 0.530 Thread 0x0000025bc3df2810  623       4       jdk.internal.org.objectweb.asm.SymbolTable::put (150 bytes)
Event: 0.530 Thread 0x0000025bc3df8cc0 nmethod 620 0x0000025ba8a38590 code [0x0000025ba8a38740, 0x0000025ba8a38a68]
Event: 0.530 Thread 0x0000025bc3df8cc0  621       3       java.lang.invoke.InvokerBytecodeGenerator::storeInsnOpcode (87 bytes)
Event: 0.531 Thread 0x0000025bc3df8cc0 nmethod 621 0x0000025ba8a38c10 code [0x0000025ba8a38e60, 0x0000025ba8a397b8]
Event: 0.531 Thread 0x0000025bc3df8cc0  622       3       jdk.internal.org.objectweb.asm.MethodWriter::visitFieldInsn (258 bytes)
Event: 0.532 Thread 0x0000025bc3df8cc0 nmethod 622 0x0000025ba8a39b10 code [0x0000025ba8a39d60, 0x0000025ba8a3a8c8]
Event: 0.532 Thread 0x0000025bc3df8cc0  626       3       java.lang.invoke.LambdaForm$Name::internArguments (59 bytes)
Event: 0.532 Thread 0x0000025bc3df8cc0 nmethod 626 0x0000025ba8a3ac90 code [0x0000025ba8a3ae80, 0x0000025ba8a3b5a8]
Event: 0.532 Thread 0x0000025bc3df8cc0  625       3       java.lang.invoke.LambdaFormBuffer::changeName (149 bytes)
Event: 0.532 Thread 0x0000025bc3df8cc0 nmethod 625 0x0000025ba8a3b790 code [0x0000025ba8a3b960, 0x0000025ba8a3bec8]
Event: 0.532 Thread 0x0000025bc3df8cc0  627       3       jdk.internal.org.objectweb.asm.Frame::setLocal (65 bytes)
Event: 0.533 Thread 0x0000025bc3df8cc0 nmethod 627 0x0000025ba8a3c090 code [0x0000025ba8a3c260, 0x0000025ba8a3c7a8]
Event: 0.533 Thread 0x0000025bc3df8cc0  628       3       java.lang.invoke.InvokerBytecodeGenerator::emitReferenceCast (188 bytes)
Event: 0.534 Thread 0x0000025bc3df8cc0 nmethod 628 0x0000025ba8a3c990 code [0x0000025ba8a3cca0, 0x0000025ba8a3dc48]
Event: 0.534 Thread 0x0000025bc3df2810 nmethod 623 0x0000025bafebf210 code [0x0000025bafebf3a0, 0x0000025bafebf6b8]
Event: 0.534 Thread 0x0000025bc3df2810  624       4       jdk.internal.org.objectweb.asm.Symbol::<init> (38 bytes)

GC Heap History (0 events):
No events

Deoptimization events (20 events):
Event: 0.414 Thread 0x0000025ba017f520 Uncommon trap: trap_request=0xffffffde fr.pc=0x0000025bafe9d470 relative=0x0000000000000790
Event: 0.414 Thread 0x0000025ba017f520 Uncommon trap: reason=class_check action=maybe_recompile pc=0x0000025bafe9d470 method=java.util.HashMap.putVal(ILjava/lang/Object;Ljava/lang/Object;ZZ)Ljava/lang/Object; @ 152 c2
Event: 0.414 Thread 0x0000025ba017f520 DEOPT PACKING pc=0x0000025bafe9d470 sp=0x000000a8f75fed70
Event: 0.414 Thread 0x0000025ba017f520 DEOPT UNPACKING pc=0x0000025ba83c852f sp=0x000000a8f75fecf0 mode 2
Event: 0.414 Thread 0x0000025ba017f520 Uncommon trap: trap_request=0xffffffde fr.pc=0x0000025bafe9d470 relative=0x0000000000000790
Event: 0.414 Thread 0x0000025ba017f520 Uncommon trap: reason=class_check action=maybe_recompile pc=0x0000025bafe9d470 method=java.util.HashMap.putVal(ILjava/lang/Object;Ljava/lang/Object;ZZ)Ljava/lang/Object; @ 152 c2
Event: 0.414 Thread 0x0000025ba017f520 DEOPT PACKING pc=0x0000025bafe9d470 sp=0x000000a8f75fed70
Event: 0.414 Thread 0x0000025ba017f520 DEOPT UNPACKING pc=0x0000025ba83c852f sp=0x000000a8f75fecf0 mode 2
Event: 0.414 Thread 0x0000025ba017f520 Uncommon trap: trap_request=0xffffffde fr.pc=0x0000025bafe9d470 relative=0x0000000000000790
Event: 0.414 Thread 0x0000025ba017f520 Uncommon trap: reason=class_check action=maybe_recompile pc=0x0000025bafe9d470 method=java.util.HashMap.putVal(ILjava/lang/Object;Ljava/lang/Object;ZZ)Ljava/lang/Object; @ 152 c2
Event: 0.414 Thread 0x0000025ba017f520 DEOPT PACKING pc=0x0000025bafe9d470 sp=0x000000a8f75fed70
Event: 0.414 Thread 0x0000025ba017f520 DEOPT UNPACKING pc=0x0000025ba83c852f sp=0x000000a8f75fecf0 mode 2
Event: 0.414 Thread 0x0000025ba017f520 Uncommon trap: trap_request=0xffffffde fr.pc=0x0000025bafe9d470 relative=0x0000000000000790
Event: 0.414 Thread 0x0000025ba017f520 Uncommon trap: reason=class_check action=maybe_recompile pc=0x0000025bafe9d470 method=java.util.HashMap.putVal(ILjava/lang/Object;Ljava/lang/Object;ZZ)Ljava/lang/Object; @ 152 c2
Event: 0.414 Thread 0x0000025ba017f520 DEOPT PACKING pc=0x0000025bafe9d470 sp=0x000000a8f75fed70
Event: 0.414 Thread 0x0000025ba017f520 DEOPT UNPACKING pc=0x0000025ba83c852f sp=0x000000a8f75fecf0 mode 2
Event: 0.443 Thread 0x0000025bc41b99d0 Uncommon trap: trap_request=0xffffff45 fr.pc=0x0000025bafeb995c relative=0x00000000000008dc
Event: 0.443 Thread 0x0000025bc41b99d0 Uncommon trap: reason=unstable_if action=reinterpret pc=0x0000025bafeb995c method=java.util.HashMap.putVal(ILjava/lang/Object;Ljava/lang/Object;ZZ)Ljava/lang/Object; @ 181 c2
Event: 0.443 Thread 0x0000025bc41b99d0 DEOPT PACKING pc=0x0000025bafeb995c sp=0x000000a8f8afdc00
Event: 0.443 Thread 0x0000025bc41b99d0 DEOPT UNPACKING pc=0x0000025ba83c852f sp=0x000000a8f8afdba0 mode 2

Classes unloaded (0 events):
No events

Classes redefined (0 events):
No events

Internal exceptions (14 events):
Event: 0.161 Thread 0x0000025bc3ff8cd0 Exception <a 'java/lang/NoSuchMethodError'{0x0000000715cf3958}: 'java.lang.Object java.lang.invoke.DirectMethodHandle$Holder.invokeStatic(java.lang.Object)'> (0x0000000715cf3958) 
thrown [./open/src/hotspot/share/interpreter/linkResolver.cpp, line 782]
Event: 0.162 Thread 0x0000025bc3ff8cd0 Exception <a 'java/lang/NoSuchMethodError'{0x0000000715cf7268}: 'java.lang.Object java.lang.invoke.DirectMethodHandle$Holder.invokeStaticInit(java.lang.Object)'> (0x0000000715cf7268) 
thrown [./open/src/hotspot/share/interpreter/linkResolver.cpp, line 782]
Event: 0.170 Thread 0x0000025ba017f520 Exception <a 'java/lang/NoSuchMethodError'{0x0000000715c8fc80}: 'void java.lang.invoke.DirectMethodHandle$Holder.invokeSpecial(java.lang.Object, java.lang.Object, java.lang.Object)'> (0x0000000715c8fc80) 
thrown [./open/src/hotspot/share/interpreter/linkResolver.cpp, line 782]
Event: 0.170 Thread 0x0000025bc3ff8cd0 Exception <a 'java/lang/NoSuchMethodError'{0x0000000715d045c0}: 'void java.lang.invoke.DirectMethodHandle$Holder.invokeStatic(java.lang.Object, java.lang.Object)'> (0x0000000715d045c0) 
thrown [./open/src/hotspot/share/interpreter/linkResolver.cpp, line 782]
Event: 0.182 Thread 0x0000025ba017f520 Exception <a 'java/lang/ClassNotFoundException'{0x0000000715ca6180}: sun/awt/resources/spi/awtProvider> (0x0000000715ca6180) 
thrown [./open/src/hotspot/share/classfile/systemDictionary.cpp, line 295]
Event: 0.224 Thread 0x0000025ba017f520 Exception <a 'java/io/FileNotFoundException'{0x0000000715d6e608}> (0x0000000715d6e608) 
thrown [./open/src/hotspot/share/prims/jni.cpp, line 578]
Event: 0.235 Thread 0x0000025ba017f520 Exception <a 'java/io/FileNotFoundException'{0x0000000715d9cff0}> (0x0000000715d9cff0) 
thrown [./open/src/hotspot/share/prims/jni.cpp, line 578]
Event: 0.375 Thread 0x0000025ba017f520 Exception <a 'java/lang/NoSuchMethodError'{0x0000000715abb7f0}: 'java.lang.Object java.lang.invoke.DirectMethodHandle$Holder.newInvokeSpecial(java.lang.Object, java.lang.Object, java.lang.Object, java.lang.Object, java.lang.Object)'> (0x0000000715abb7f0) 
thrown [./open/src/hotspot/share/interpreter/linkResolver.cpp, line 782]
Event: 0.377 Thread 0x0000025ba017f520 Exception <a 'java/lang/NoSuchMethodError'{0x0000000715ac7280}: 'java.lang.Object java.lang.invoke.DirectMethodHandle$Holder.invokeStatic(java.lang.Object, int, java.lang.Object, java.lang.Object, java.lang.Object, java.lang.Object)'> (0x0000000715ac7280) 
thrown [./open/src/hotspot/share/interpreter/linkResolver.cpp, line 782]
Event: 0.382 Thread 0x0000025ba017f520 Exception <a 'java/lang/NoSuchMethodError'{0x0000000715aed868}: 'java.lang.Object java.lang.invoke.DirectMethodHandle$Holder.invokeStatic(java.lang.Object, int, java.lang.Object)'> (0x0000000715aed868) 
thrown [./open/src/hotspot/share/interpreter/linkResolver.cpp, line 782]
Event: 0.412 Thread 0x0000025ba017f520 Exception <a 'java/lang/ClassNotFoundException'{0x0000000715ba5dd0}: com/sun/swing/internal/plaf/metal/resources/spi/metalProvider> (0x0000000715ba5dd0) 
thrown [./open/src/hotspot/share/classfile/systemDictionary.cpp, line 295]
Event: 0.415 Thread 0x0000025ba017f520 Exception <a 'java/lang/ClassNotFoundException'{0x0000000715baa7c8}: com/sun/swing/internal/plaf/basic/resources/spi/basicProvider> (0x0000000715baa7c8) 
thrown [./open/src/hotspot/share/classfile/systemDictionary.cpp, line 295]
Event: 0.482 Thread 0x0000025ba017f520 Exception <a 'java/lang/NoSuchMethodError'{0x0000000715be8320}: 'void java.lang.invoke.DirectMethodHandle$Holder.invokeStaticInit(java.lang.Object)'> (0x0000000715be8320) 
thrown [./open/src/hotspot/share/interpreter/linkResolver.cpp, line 782]
Event: 0.506 Thread 0x0000025ba017f520 Exception <a 'java/io/FileNotFoundException'{0x0000000715bf48c0}> (0x0000000715bf48c0) 
thrown [./open/src/hotspot/share/prims/jni.cpp, line 578]

Events (20 events):
Event: 0.524 loading class sun/awt/Win32FontManager$2
Event: 0.524 loading class sun/awt/Win32FontManager$2 done
Event: 0.525 loading class sun/awt/FontConfiguration$2
Event: 0.525 loading class sun/awt/FontConfiguration$2 done
Event: 0.525 loading class sun/awt/windows/WDefaultFontCharset
Event: 0.525 loading class sun/awt/AWTCharset
Event: 0.525 loading class sun/awt/AWTCharset done
Event: 0.525 loading class sun/awt/windows/WDefaultFontCharset done
Event: 0.526 loading class sun/awt/windows/WDefaultFontCharset$Encoder
Event: 0.526 loading class sun/awt/AWTCharset$Encoder
Event: 0.526 loading class sun/awt/AWTCharset$Encoder done
Event: 0.526 loading class sun/awt/windows/WDefaultFontCharset$Encoder done
Event: 0.527 loading class sun/awt/windows/WingDings
Event: 0.527 loading class sun/awt/windows/WingDings done
Event: 0.527 loading class sun/awt/windows/WingDings$Encoder
Event: 0.527 loading class sun/awt/windows/WingDings$Encoder done
Event: 0.527 loading class sun/awt/Symbol
Event: 0.528 loading class sun/awt/Symbol done
Event: 0.528 loading class sun/awt/Symbol$Encoder
Event: 0.528 loading class sun/awt/Symbol$Encoder done


Dynamic libraries:
0x00007ff7c5780000 - 0x00007ff7c578f000 	C:\Program Files\Java\jdk-15\bin\java.exe
0x00007ffb95bb0000 - 0x00007ffb95da8000 	C:\WINDOWS\SYSTEM32\ntdll.dll
0x00007ffb94f50000 - 0x00007ffb9500f000 	C:\WINDOWS\System32\KERNEL32.DLL
0x00007ffb93680000 - 0x00007ffb9395a000 	C:\WINDOWS\System32\KERNELBASE.dll
0x00007ffb934f0000 - 0x00007ffb935f0000 	C:\WINDOWS\System32\ucrtbase.dll
0x00007ffb78180000 - 0x00007ffb78198000 	C:\Program Files\Java\jdk-15\bin\jli.dll
0x00007ffb944c0000 - 0x00007ffb9456e000 	C:\WINDOWS\System32\ADVAPI32.dll
0x00007ffb93c20000 - 0x00007ffb93cbe000 	C:\WINDOWS\System32\msvcrt.dll
0x00007ffb95400000 - 0x00007ffb9549c000 	C:\WINDOWS\System32\sechost.dll
0x00007ffb78160000 - 0x00007ffb78179000 	C:\Program Files\Java\jdk-15\bin\VCRUNTIME140.dll
0x00007ffb95270000 - 0x00007ffb95396000 	C:\WINDOWS\System32\RPCRT4.dll
0x00007ffb959b0000 - 0x00007ffb95b4d000 	C:\WINDOWS\System32\USER32.dll
0x00007ffb7a9c0000 - 0x00007ffb7ac5a000 	C:\WINDOWS\WinSxS\amd64_microsoft.windows.common-controls_6595b64144ccf1df_6.0.19041.1110_none_60b5254171f9507e\COMCTL32.dll
0x00007ffb934c0000 - 0x00007ffb934e2000 	C:\WINDOWS\System32\win32u.dll
0x00007ffb94570000 - 0x00007ffb9459b000 	C:\WINDOWS\System32\GDI32.dll
0x00007ffb875b0000 - 0x00007ffb875ba000 	C:\WINDOWS\SYSTEM32\VERSION.dll
0x00007ffb93960000 - 0x00007ffb93a70000 	C:\WINDOWS\System32\gdi32full.dll
0x00007ffb93a70000 - 0x00007ffb93b0d000 	C:\WINDOWS\System32\msvcp_win.dll
0x00007ffb94690000 - 0x00007ffb946c0000 	C:\WINDOWS\System32\IMM32.DLL
0x00007ffb8b2a0000 - 0x00007ffb8b2ac000 	C:\Program Files\Java\jdk-15\bin\vcruntime140_1.dll
0x00007ffb619b0000 - 0x00007ffb61a41000 	C:\Program Files\Java\jdk-15\bin\msvcp140.dll
0x00007ffb48f90000 - 0x00007ffb49aec000 	C:\Program Files\Java\jdk-15\bin\server\jvm.dll
0x00007ffb93c10000 - 0x00007ffb93c18000 	C:\WINDOWS\System32\PSAPI.DLL
0x00007ffb657b0000 - 0x00007ffb657b9000 	C:\WINDOWS\SYSTEM32\WSOCK32.dll
0x00007ffb94620000 - 0x00007ffb9468b000 	C:\WINDOWS\System32\WS2_32.dll
0x00007ffb78fb0000 - 0x00007ffb78fd7000 	C:\WINDOWS\SYSTEM32\WINMM.dll
0x00007ffb91b60000 - 0x00007ffb91b72000 	C:\WINDOWS\SYSTEM32\kernel.appcore.dll
0x00007ffb83800000 - 0x00007ffb8380a000 	C:\Program Files\Java\jdk-15\bin\jimage.dll
0x00007ffb91110000 - 0x00007ffb912f4000 	C:\WINDOWS\SYSTEM32\DBGHELP.DLL
0x00007ffb818f0000 - 0x00007ffb81924000 	C:\WINDOWS\SYSTEM32\dbgcore.DLL
0x00007ffb935f0000 - 0x00007ffb93672000 	C:\WINDOWS\System32\bcryptPrimitives.dll
0x00007ffb8b360000 - 0x00007ffb8b36e000 	C:\Program Files\Java\jdk-15\bin\instrument.dll
0x00007ffb689e0000 - 0x00007ffb68a05000 	C:\Program Files\Java\jdk-15\bin\java.dll
0x00007ffb93d70000 - 0x00007ffb944b4000 	C:\WINDOWS\System32\SHELL32.dll
0x00007ffb91360000 - 0x00007ffb91af3000 	C:\WINDOWS\SYSTEM32\windows.storage.dll
0x00007ffb95650000 - 0x00007ffb959a4000 	C:\WINDOWS\System32\combase.dll
0x00007ffb92ca0000 - 0x00007ffb92cce000 	C:\WINDOWS\SYSTEM32\Wldp.dll
0x00007ffb93cc0000 - 0x00007ffb93d6d000 	C:\WINDOWS\System32\SHCORE.dll
0x00007ffb953a0000 - 0x00007ffb953f5000 	C:\WINDOWS\System32\shlwapi.dll
0x00007ffb93200000 - 0x00007ffb9321f000 	C:\WINDOWS\SYSTEM32\profapi.dll
0x00007ffb62cf0000 - 0x00007ffb62d08000 	C:\Program Files\Java\jdk-15\bin\zip.dll
0x00007ffb62d30000 - 0x00007ffb62d49000 	C:\Program Files\Java\jdk-15\bin\net.dll
0x00007ffb8a6c0000 - 0x00007ffb8a7ca000 	C:\WINDOWS\SYSTEM32\WINHTTP.dll
0x00007ffb92a10000 - 0x00007ffb92a7a000 	C:\WINDOWS\system32\mswsock.dll
0x00007ffb62d10000 - 0x00007ffb62d22000 	C:\Program Files\Java\jdk-15\bin\nio.dll
0x00007ffb89490000 - 0x00007ffb894aa000 	C:\Program Files\JetBrains\IntelliJ IDEA Community Edition 2022.3.2\bin\breakgen64.dll
0x00007ffb5bb10000 - 0x00007ffb5bc90000 	C:\Program Files\Java\jdk-15\bin\awt.dll
0x00007ffb95580000 - 0x00007ffb9564d000 	C:\WINDOWS\System32\OLEAUT32.dll
0x00007ffb8cf80000 - 0x00007ffb8d010000 	C:\WINDOWS\SYSTEM32\apphelp.dll
0x00007ffb90a80000 - 0x00007ffb90aaf000 	C:\WINDOWS\system32\DWMAPI.DLL
0x00007ffb8d160000 - 0x00007ffb8d1fe000 	C:\WINDOWS\system32\uxtheme.dll
0x00007ffb66fc0000 - 0x00007ffb670e5000 	C:\WINDOWS\system32\opengl32.dll
0x00007ffb66ec0000 - 0x00007ffb66eec000 	C:\WINDOWS\SYSTEM32\GLU32.dll
0x00007ffb946c0000 - 0x00007ffb947d4000 	C:\WINDOWS\System32\MSCTF.dll
0x00007ffb95130000 - 0x00007ffb9525a000 	C:\WINDOWS\System32\ole32.dll
0x00007ffb621c0000 - 0x00007ffb62245000 	C:\Program Files\Java\jdk-15\bin\freetype.dll
0x00007ffb61900000 - 0x00007ffb619a9000 	C:\Program Files\Java\jdk-15\bin\fontmanager.dll

dbghelp: loaded successfully - version: 4.0.5 - missing functions: none
symbol engine: initialized successfully - sym options: 0x614 - pdb path: .;C:\Program Files\Java\jdk-15\bin;C:\WINDOWS\SYSTEM32;C:\WINDOWS\WinSxS\amd64_microsoft.windows.common-controls_6595b64144ccf1df_6.0.19041.1110_none_60b5254171f9507e;C:\Program Files\Java\jdk-15\bin\server;C:\Program Files\JetBrains\IntelliJ IDEA Community Edition 2022.3.2\bin

VM Arguments:
jvm_args: -javaagent:C:\Program Files\JetBrains\IntelliJ IDEA Community Edition 2022.3.2\lib\idea_rt.jar=52984:C:\Program Files\JetBrains\IntelliJ IDEA Community Edition 2022.3.2\bin -Dfile.encoding=UTF-8 
java_command: Main
java_class_path (initial): C:\Users\Dot_c\IdeaProjects\wave\mars\target\scala-2.13\classes;C:\Users\Dot_c\AppData\Local\Coursier\cache\v1\https\repo1.maven.org\maven2\org\scala-lang\scala-library\2.13.10\scala-library-2.13.10.jar
Launcher Type: SUN_STANDARD

[Global flags]
     intx CICompilerCount                          = 4                                         {product} {ergonomic}
     uint ConcGCThreads                            = 2                                         {product} {ergonomic}
     uint G1ConcRefinementThreads                  = 8                                         {product} {ergonomic}
   size_t G1HeapRegionSize                         = 2097152                                   {product} {ergonomic}
    uintx GCDrainStackTargetSize                   = 64                                        {product} {ergonomic}
   size_t InitialHeapSize                          = 262144000                                 {product} {ergonomic}
   size_t MarkStackSize                            = 4194304                                   {product} {ergonomic}
   size_t MaxHeapSize                              = 4188012544                                {product} {ergonomic}
   size_t MaxNewSize                               = 2512388096                                {product} {ergonomic}
   size_t MinHeapDeltaBytes                        = 2097152                                   {product} {ergonomic}
   size_t MinHeapSize                              = 8388608                                   {product} {ergonomic}
    uintx NonNMethodCodeHeapSize                   = 5839372                                {pd product} {ergonomic}
    uintx NonProfiledCodeHeapSize                  = 122909434                              {pd product} {ergonomic}
    uintx ProfiledCodeHeapSize                     = 122909434                              {pd product} {ergonomic}
    uintx ReservedCodeCacheSize                    = 251658240                              {pd product} {ergonomic}
     bool SegmentedCodeCache                       = true                                      {product} {ergonomic}
   size_t SoftMaxHeapSize                          = 4188012544                             {manageable} {ergonomic}
     bool UseCompressedClassPointers               = true                                 {lp64_product} {ergonomic}
     bool UseCompressedOops                        = true                                 {lp64_product} {ergonomic}
     bool UseG1GC                                  = true                                      {product} {ergonomic}
     bool UseLargePagesIndividualAllocation        = false                                  {pd product} {ergonomic}

Logging:
Log output configuration:
 #0: stdout all=warning uptime,level,tags
 #1: stderr all=off uptime,level,tags

Environment Variables:
JAVA_HOME=C:\Program Files\Java\jdk-15
CLASSPATH=C:\Program Files\Java\javafx-sdk-20\lib*
PATH=C:\php;C:\WINDOWS\system32;C:\WINDOWS;C:\WINDOWS\System32\Wbem;C:\WINDOWS\System32\WindowsPowerShell\v1.0\;C:\WINDOWS\System32\OpenSSH\;C:\Program Files\Microsoft SQL Server\130\Tools\Binn\;C:\Program Files\mingw-w64\i686-8.1.0-posix-dwarf-rt_v6-rev0\mingw32\bin;C:\Program Files\Git\cmd;C:\Program Files (x86)\sbt\bin;C:\Program Files\Java\javafx-sdk-20\bin;C:\maven\bin;C:\Users\Dot_c\AppData\Local\Programs\Python\Python310\Scripts\;C:\Users\Dot_c\AppData\Local\Programs\Python\Python310\;C:\Program Files\MySQL\MySQL Server 5.7\bin\;C:\Users\Dot_c\AppData\Local\Microsoft\WindowsApps;C:\Users\Dot_c\AppData\Local\Programs\Microsoft VS Code\bin;C:\Users\Dot_c\AppData\Local\atom\bin;C:\Users\Dot_c\AppData\Local\Microsoft\WindowsApps;C:\Program Files\Java\jdk-15\bin;C:\Users\Dot_c\AppData\Local\Coursier\data\bin;C:\Program Files\JetBrains\IntelliJ IDEA Community Edition 2022.3.2\bin;;C:\Users\Dot_c\AppData\Local\GitHubDesktop\bin;C:\iverilog\bin;C:\iverilog\gtkwave\bin
USERNAME=1futureX
OS=Windows_NT
PROCESSOR_IDENTIFIER=Intel64 Family 6 Model 126 Stepping 5, GenuineIntel



---------------  S Y S T E M  ---------------

OS:
 Windows 10 , 64 bit Build 19041 (10.0.19041.2788)
OS uptime: 4 days 10:04 hours

CPU: total 8 (initial active 8) (4 cores per cpu, 2 threads per core) family 6 model 126 stepping 5, cmov, cx8, fxsr, mmx, sse, sse2, sse3, ssse3, sse4.1, sse4.2, popcnt, vzeroupper, avx, avx2, aes, clmul, erms, 3dnowpref, lzcnt, ht, tsc, tscinvbit, bmi1, bmi2, adx, avx512f, avx512dq, avx512cd, avx512bw, avx512vl, avx512_vpopcntdq, avx512_vpclmulqdq, avx512_vbmi, avx512_vbmi2, avx512_vaes, avx512_vnni, sha, fma, clflush, clflushopt

Memory: 4k page, system-wide physical 15970M (3844M free)
TotalPageFile size 20834M (AvailPageFile size 2842M)
current process WorkingSet (physical memory assigned to process): 51M, peak: 51M
current process commit charge ("private bytes"): 347M, peak: 347M

vm_info: Java HotSpot(TM) 64-Bit Server VM (15+36-1562) for windows-amd64 JRE (15+36-1562), built on Aug 11 2020 22:38:02 by "mach5one" with unknown MS VC++:1925

END.
